<?xml version="1.0" encoding="UTF-8"?>
<testng-results skipped="0" failed="2" ignored="0" total="10" passed="8">
  <reporter-output>
  </reporter-output>
  <suite name="Command line suite" duration-ms="373452" started-at="2020-12-07T17:19:01 IST" finished-at="2020-12-07T17:25:14 IST">
    <groups>
      <group name="leave">
        <method signature="GroupTest.leavemodule1()[pri:0, instance:com.orangehrmlive.GroupTest@e45f292]" name="leavemodule1" class="com.orangehrmlive.GroupTest"/>
        <method signature="GroupTest.leavemodule2()[pri:0, instance:com.orangehrmlive.GroupTest@e45f292]" name="leavemodule2" class="com.orangehrmlive.GroupTest"/>
      </group> <!-- leave -->
      <group name="admin">
        <method signature="GroupTest.adminmodue1()[pri:0, instance:com.orangehrmlive.GroupTest@e45f292]" name="adminmodue1" class="com.orangehrmlive.GroupTest"/>
        <method signature="GroupTest.adminmodue2()[pri:0, instance:com.orangehrmlive.GroupTest@e45f292]" name="adminmodue2" class="com.orangehrmlive.GroupTest"/>
      </group> <!-- admin -->
    </groups>
    <test name="Command line test" duration-ms="373452" started-at="2020-12-07T17:19:01 IST" finished-at="2020-12-07T17:25:14 IST">
      <class name="com.orangehrmlive.GroupTest">
        <test-method status="PASS" signature="adminmodue1()[pri:0, instance:com.orangehrmlive.GroupTest@e45f292]" name="adminmodue1" duration-ms="0" started-at="2020-12-07T17:24:31 IST" finished-at="2020-12-07T17:24:31 IST">
          <reporter-output>
          </reporter-output>
        </test-method> <!-- adminmodue1 -->
        <test-method status="PASS" signature="leavemodule1()[pri:0, instance:com.orangehrmlive.GroupTest@e45f292]" name="leavemodule1" duration-ms="1" started-at="2020-12-07T17:24:31 IST" finished-at="2020-12-07T17:24:31 IST">
          <reporter-output>
          </reporter-output>
        </test-method> <!-- leavemodule1 -->
        <test-method status="PASS" signature="adminmodue2()[pri:0, instance:com.orangehrmlive.GroupTest@e45f292]" name="adminmodue2" duration-ms="0" started-at="2020-12-07T17:24:31 IST" finished-at="2020-12-07T17:24:31 IST">
          <reporter-output>
          </reporter-output>
        </test-method> <!-- adminmodue2 -->
        <test-method status="PASS" signature="leavemodule2()[pri:0, instance:com.orangehrmlive.GroupTest@e45f292]" name="leavemodule2" duration-ms="2" started-at="2020-12-07T17:24:31 IST" finished-at="2020-12-07T17:24:31 IST">
          <reporter-output>
          </reporter-output>
        </test-method> <!-- leavemodule2 -->
      </class> <!-- com.orangehrmlive.GroupTest -->
      <class name="com.orangehrmlive.DataProviderTest">
        <test-method status="FAIL" signature="f(java.lang.String, java.lang.String)[pri:0, instance:com.orangehrmlive.DataProviderTest@5bcab519]" name="f" duration-ms="311104" started-at="2020-12-07T17:19:01 IST" data-provider="dp" finished-at="2020-12-07T17:24:12 IST">
          <params>
            <param index="0">
              <value>
                <![CDATA[test]]>
              </value>
            </param>
            <param index="1">
              <value>
                <![CDATA[test123]]>
              </value>
            </param>
          </params>
          <exception class="org.openqa.selenium.TimeoutException">
            <message>
              <![CDATA[timeout: Timed out receiving message from renderer: 300.000
  (Session info: chrome=87.0.4280.88)
Build info: version: '3.141.59', revision: 'e82be7d358', time: '2018-11-14T08:17:03'
System info: host: 'DESKTOP-2QFUP5N', ip: '172.27.96.1', os.name: 'Windows 10', os.arch: 'amd64', os.version: '10.0', java.version: '1.8.0_181'
Driver info: org.openqa.selenium.chrome.ChromeDriver
Capabilities {acceptInsecureCerts: false, browserName: chrome, browserVersion: 87.0.4280.88, chrome: {chromedriverVersion: 86.0.4240.22 (398b0743353ff..., userDataDir: C:\WINDOWS\TEMP\scoped_dir3...}, goog:chromeOptions: {debuggerAddress: localhost:49301}, javascriptEnabled: true, networkConnectionEnabled: false, pageLoadStrategy: normal, platform: WINDOWS, platformName: WINDOWS, proxy: Proxy(), setWindowRect: true, strictFileInteractability: false, timeouts: {implicit: 0, pageLoad: 300000, script: 30000}, unhandledPromptBehavior: dismiss and notify, webauthn:virtualAuthenticators: true}
Session ID: 26271017189f898351f4ca9cab7758c9]]>
            </message>
            <full-stacktrace>
              <![CDATA[org.openqa.selenium.TimeoutException: timeout: Timed out receiving message from renderer: 300.000
  (Session info: chrome=87.0.4280.88)
Build info: version: '3.141.59', revision: 'e82be7d358', time: '2018-11-14T08:17:03'
System info: host: 'DESKTOP-2QFUP5N', ip: '172.27.96.1', os.name: 'Windows 10', os.arch: 'amd64', os.version: '10.0', java.version: '1.8.0_181'
Driver info: org.openqa.selenium.chrome.ChromeDriver
Capabilities {acceptInsecureCerts: false, browserName: chrome, browserVersion: 87.0.4280.88, chrome: {chromedriverVersion: 86.0.4240.22 (398b0743353ff..., userDataDir: C:\WINDOWS\TEMP\scoped_dir3...}, goog:chromeOptions: {debuggerAddress: localhost:49301}, javascriptEnabled: true, networkConnectionEnabled: false, pageLoadStrategy: normal, platform: WINDOWS, platformName: WINDOWS, proxy: Proxy(), setWindowRect: true, strictFileInteractability: false, timeouts: {implicit: 0, pageLoad: 300000, script: 30000}, unhandledPromptBehavior: dismiss and notify, webauthn:virtualAuthenticators: true}
Session ID: 26271017189f898351f4ca9cab7758c9
at sun.reflect.NativeConstructorAccessorImpl.newInstance0(Native Method)
at sun.reflect.NativeConstructorAccessorImpl.newInstance(NativeConstructorAccessorImpl.java:62)
at sun.reflect.DelegatingConstructorAccessorImpl.newInstance(DelegatingConstructorAccessorImpl.java:45)
at java.lang.reflect.Constructor.newInstance(Constructor.java:423)
at org.openqa.selenium.remote.http.W3CHttpResponseCodec.createException(W3CHttpResponseCodec.java:187)
at org.openqa.selenium.remote.http.W3CHttpResponseCodec.decode(W3CHttpResponseCodec.java:122)
at org.openqa.selenium.remote.http.W3CHttpResponseCodec.decode(W3CHttpResponseCodec.java:49)
at org.openqa.selenium.remote.HttpCommandExecutor.execute(HttpCommandExecutor.java:158)
at org.openqa.selenium.remote.service.DriverCommandExecutor.execute(DriverCommandExecutor.java:83)
at org.openqa.selenium.remote.RemoteWebDriver.execute(RemoteWebDriver.java:552)
at org.openqa.selenium.remote.RemoteWebDriver.get(RemoteWebDriver.java:277)
at com.orangehrmlive.DataProviderTest.f(DataProviderTest.java:22)
at sun.reflect.NativeMethodAccessorImpl.invoke0(Native Method)
at sun.reflect.NativeMethodAccessorImpl.invoke(NativeMethodAccessorImpl.java:62)
at sun.reflect.DelegatingMethodAccessorImpl.invoke(DelegatingMethodAccessorImpl.java:43)
at java.lang.reflect.Method.invoke(Method.java:498)
at org.testng.internal.MethodInvocationHelper.invokeMethod(MethodInvocationHelper.java:132)
at org.testng.internal.TestInvoker.invokeMethod(TestInvoker.java:599)
at org.testng.internal.TestInvoker.invokeTestMethod(TestInvoker.java:174)
at org.testng.internal.MethodRunner.runInSequence(MethodRunner.java:46)
at org.testng.internal.TestInvoker$MethodInvocationAgent.invoke(TestInvoker.java:822)
at org.testng.internal.TestInvoker.invokeTestMethods(TestInvoker.java:147)
at org.testng.internal.TestMethodWorker.invokeTestMethods(TestMethodWorker.java:146)
at org.testng.internal.TestMethodWorker.run(TestMethodWorker.java:128)
at java.util.ArrayList.forEach(ArrayList.java:1257)
at org.testng.TestRunner.privateRun(TestRunner.java:764)
at org.testng.TestRunner.run(TestRunner.java:585)
at org.testng.SuiteRunner.runTest(SuiteRunner.java:384)
at org.testng.SuiteRunner.runSequentially(SuiteRunner.java:378)
at org.testng.SuiteRunner.privateRun(SuiteRunner.java:337)
at org.testng.SuiteRunner.run(SuiteRunner.java:286)
at org.testng.SuiteRunnerWorker.runSuite(SuiteRunnerWorker.java:53)
at org.testng.SuiteRunnerWorker.run(SuiteRunnerWorker.java:96)
at org.testng.TestNG.runSuitesSequentially(TestNG.java:1218)
at org.testng.TestNG.runSuitesLocally(TestNG.java:1140)
at org.testng.TestNG.runSuites(TestNG.java:1069)
at org.testng.TestNG.run(TestNG.java:1037)
at org.apache.maven.surefire.testng.TestNGExecutor.run(TestNGExecutor.java:77)
at org.apache.maven.surefire.testng.TestNGDirectoryTestSuite.executeMulti(TestNGDirectoryTestSuite.java:159)
at org.apache.maven.surefire.testng.TestNGDirectoryTestSuite.execute(TestNGDirectoryTestSuite.java:99)
at org.apache.maven.surefire.testng.TestNGProvider.invoke(TestNGProvider.java:106)
at sun.reflect.NativeMethodAccessorImpl.invoke0(Native Method)
at sun.reflect.NativeMethodAccessorImpl.invoke(NativeMethodAccessorImpl.java:62)
at sun.reflect.DelegatingMethodAccessorImpl.invoke(DelegatingMethodAccessorImpl.java:43)
at java.lang.reflect.Method.invoke(Method.java:498)
at org.apache.maven.surefire.util.ReflectionUtils.invokeMethodWithArray(ReflectionUtils.java:189)
at org.apache.maven.surefire.booter.ProviderFactory$ProviderProxy.invoke(ProviderFactory.java:165)
at org.apache.maven.surefire.booter.ProviderFactory.invokeProvider(ProviderFactory.java:85)
at org.apache.maven.surefire.booter.ForkedBooter.runSuitesInProcess(ForkedBooter.java:115)
at org.apache.maven.surefire.booter.ForkedBooter.main(ForkedBooter.java:75)
]]>
            </full-stacktrace>
          </exception> <!-- org.openqa.selenium.TimeoutException -->
          <reporter-output>
          </reporter-output>
        </test-method> <!-- f -->
        <test-method status="PASS" signature="f(java.lang.String, java.lang.String)[pri:0, instance:com.orangehrmlive.DataProviderTest@5bcab519]" name="f" duration-ms="19054" started-at="2020-12-07T17:24:12 IST" data-provider="dp" finished-at="2020-12-07T17:24:31 IST">
          <params>
            <param index="0">
              <value>
                <![CDATA[Admin]]>
              </value>
            </param>
            <param index="1">
              <value>
                <![CDATA[admin123]]>
              </value>
            </param>
          </params>
          <reporter-output>
          </reporter-output>
        </test-method> <!-- f -->
      </class> <!-- com.orangehrmlive.DataProviderTest -->
      <class name="com.orangehrmlive.XmlTest">
        <test-method status="FAIL" signature="paraTest(java.lang.String, java.lang.String)[pri:0, instance:com.orangehrmlive.XmlTest@31a5c39e]" name="paraTest" duration-ms="0" started-at="2020-12-07T17:25:14 IST" finished-at="2020-12-07T17:25:14 IST">
          <exception class="org.testng.TestNGException">
            <message>
              <![CDATA[
Parameter 'uname' is required by @Test on method paraTest but has not been marked @Optional or defined
]]>
            </message>
            <full-stacktrace>
              <![CDATA[org.testng.TestNGException: 
Parameter 'uname' is required by @Test on method paraTest but has not been marked @Optional or defined

at org.testng.internal.Parameters.createParams(Parameters.java:268)
at org.testng.internal.Parameters.createParametersForMethod(Parameters.java:356)
at org.testng.internal.Parameters.createParameters(Parameters.java:700)
at org.testng.internal.Parameters.handleParameters(Parameters.java:875)
at org.testng.internal.Parameters.handleParameters(Parameters.java:740)
at org.testng.internal.ParameterHandler.handleParameters(ParameterHandler.java:59)
at org.testng.internal.ParameterHandler.createParameters(ParameterHandler.java:38)
at org.testng.internal.TestInvoker$MethodInvocationAgent.invoke(TestInvoker.java:789)
at org.testng.internal.TestInvoker.invokeTestMethods(TestInvoker.java:147)
at org.testng.internal.TestMethodWorker.invokeTestMethods(TestMethodWorker.java:146)
at org.testng.internal.TestMethodWorker.run(TestMethodWorker.java:128)
at java.util.ArrayList.forEach(ArrayList.java:1257)
at org.testng.TestRunner.privateRun(TestRunner.java:764)
at org.testng.TestRunner.run(TestRunner.java:585)
at org.testng.SuiteRunner.runTest(SuiteRunner.java:384)
at org.testng.SuiteRunner.runSequentially(SuiteRunner.java:378)
at org.testng.SuiteRunner.privateRun(SuiteRunner.java:337)
at org.testng.SuiteRunner.run(SuiteRunner.java:286)
at org.testng.SuiteRunnerWorker.runSuite(SuiteRunnerWorker.java:53)
at org.testng.SuiteRunnerWorker.run(SuiteRunnerWorker.java:96)
at org.testng.TestNG.runSuitesSequentially(TestNG.java:1218)
at org.testng.TestNG.runSuitesLocally(TestNG.java:1140)
at org.testng.TestNG.runSuites(TestNG.java:1069)
at org.testng.TestNG.run(TestNG.java:1037)
at org.apache.maven.surefire.testng.TestNGExecutor.run(TestNGExecutor.java:77)
at org.apache.maven.surefire.testng.TestNGDirectoryTestSuite.executeMulti(TestNGDirectoryTestSuite.java:159)
at org.apache.maven.surefire.testng.TestNGDirectoryTestSuite.execute(TestNGDirectoryTestSuite.java:99)
at org.apache.maven.surefire.testng.TestNGProvider.invoke(TestNGProvider.java:106)
at sun.reflect.NativeMethodAccessorImpl.invoke0(Native Method)
at sun.reflect.NativeMethodAccessorImpl.invoke(NativeMethodAccessorImpl.java:62)
at sun.reflect.DelegatingMethodAccessorImpl.invoke(DelegatingMethodAccessorImpl.java:43)
at java.lang.reflect.Method.invoke(Method.java:498)
at org.apache.maven.surefire.util.ReflectionUtils.invokeMethodWithArray(ReflectionUtils.java:189)
at org.apache.maven.surefire.booter.ProviderFactory$ProviderProxy.invoke(ProviderFactory.java:165)
at org.apache.maven.surefire.booter.ProviderFactory.invokeProvider(ProviderFactory.java:85)
at org.apache.maven.surefire.booter.ForkedBooter.runSuitesInProcess(ForkedBooter.java:115)
at org.apache.maven.surefire.booter.ForkedBooter.main(ForkedBooter.java:75)
]]>
            </full-stacktrace>
          </exception> <!-- org.testng.TestNGException -->
          <reporter-output>
          </reporter-output>
        </test-method> <!-- paraTest -->
      </class> <!-- com.orangehrmlive.XmlTest -->
      <class name="com.orangehrmlive.TestNGDemo">
        <test-method status="PASS" signature="openBrowser()[pri:0, instance:com.orangehrmlive.TestNGDemo@5f2108b5]" name="openBrowser" is-config="true" duration-ms="18167" started-at="2020-12-07T17:24:31 IST" finished-at="2020-12-07T17:24:49 IST">
          <reporter-output>
          </reporter-output>
        </test-method> <!-- openBrowser -->
        <test-method status="PASS" signature="login()[pri:0, instance:com.orangehrmlive.TestNGDemo@5f2108b5]" name="login" is-config="true" duration-ms="8487" started-at="2020-12-07T17:24:49 IST" finished-at="2020-12-07T17:24:58 IST">
          <reporter-output>
          </reporter-output>
        </test-method> <!-- login -->
        <test-method status="PASS" signature="adminTest()[pri:0, instance:com.orangehrmlive.TestNGDemo@5f2108b5]" name="adminTest" duration-ms="1962" started-at="2020-12-07T17:24:58 IST" finished-at="2020-12-07T17:25:00 IST">
          <reporter-output>
          </reporter-output>
        </test-method> <!-- adminTest -->
        <test-method status="PASS" signature="logout()[pri:0, instance:com.orangehrmlive.TestNGDemo@5f2108b5]" name="logout" is-config="true" duration-ms="2162" started-at="2020-12-07T17:25:00 IST" finished-at="2020-12-07T17:25:02 IST">
          <reporter-output>
          </reporter-output>
        </test-method> <!-- logout -->
        <test-method status="PASS" signature="login()[pri:0, instance:com.orangehrmlive.TestNGDemo@5f2108b5]" name="login" is-config="true" duration-ms="2323" started-at="2020-12-07T17:25:02 IST" finished-at="2020-12-07T17:25:04 IST">
          <reporter-output>
          </reporter-output>
        </test-method> <!-- login -->
        <test-method status="PASS" signature="leaveTest()[pri:0, instance:com.orangehrmlive.TestNGDemo@5f2108b5]" name="leaveTest" duration-ms="2568" started-at="2020-12-07T17:25:04 IST" finished-at="2020-12-07T17:25:07 IST">
          <reporter-output>
          </reporter-output>
        </test-method> <!-- leaveTest -->
        <test-method status="PASS" signature="logout()[pri:0, instance:com.orangehrmlive.TestNGDemo@5f2108b5]" name="logout" is-config="true" duration-ms="1489" started-at="2020-12-07T17:25:07 IST" finished-at="2020-12-07T17:25:08 IST">
          <reporter-output>
          </reporter-output>
        </test-method> <!-- logout -->
        <test-method status="PASS" signature="login()[pri:0, instance:com.orangehrmlive.TestNGDemo@5f2108b5]" name="login" is-config="true" duration-ms="2039" started-at="2020-12-07T17:25:08 IST" finished-at="2020-12-07T17:25:10 IST">
          <reporter-output>
          </reporter-output>
        </test-method> <!-- login -->
        <test-method status="PASS" signature="timeTest()[pri:0, instance:com.orangehrmlive.TestNGDemo@5f2108b5]" name="timeTest" duration-ms="1557" started-at="2020-12-07T17:25:10 IST" finished-at="2020-12-07T17:25:12 IST">
          <reporter-output>
          </reporter-output>
        </test-method> <!-- timeTest -->
        <test-method status="PASS" signature="logout()[pri:0, instance:com.orangehrmlive.TestNGDemo@5f2108b5]" name="logout" is-config="true" duration-ms="1681" started-at="2020-12-07T17:25:12 IST" finished-at="2020-12-07T17:25:13 IST">
          <reporter-output>
          </reporter-output>
        </test-method> <!-- logout -->
        <test-method status="PASS" signature="closeBrowser()[pri:0, instance:com.orangehrmlive.TestNGDemo@5f2108b5]" name="closeBrowser" is-config="true" duration-ms="782" started-at="2020-12-07T17:25:13 IST" finished-at="2020-12-07T17:25:14 IST">
          <reporter-output>
          </reporter-output>
        </test-method> <!-- closeBrowser -->
      </class> <!-- com.orangehrmlive.TestNGDemo -->
    </test> <!-- Command line test -->
  </suite> <!-- Command line suite -->
</testng-results>
